Sat Aug 04 2018 18:27:32 GMT-0400 (Eastern Daylight Time): GET /
Sat Aug 04 2018 18:27:32 GMT-0400 (Eastern Daylight Time): GET /style.css
Sat Aug 04 2018 18:27:32 GMT-0400 (Eastern Daylight Time): GET /javascript/frontCanvas.js
Sat Aug 04 2018 18:27:32 GMT-0400 (Eastern Daylight Time): GET /javascript/jQuery/jQuery.js
Sat Aug 04 2018 18:27:32 GMT-0400 (Eastern Daylight Time): GET /javascript/frontCanvas.js
Sat Aug 04 2018 18:27:32 GMT-0400 (Eastern Daylight Time): GET /javascript/jQuery/jQuery.js
Sat Aug 04 2018 18:30:52 GMT-0400 (Eastern Daylight Time): GET /
Sat Aug 04 2018 18:30:52 GMT-0400 (Eastern Daylight Time): GET /styles/style.css
Sat Aug 04 2018 18:30:52 GMT-0400 (Eastern Daylight Time): GET /javascript/frontCanvas.js
Sat Aug 04 2018 18:30:52 GMT-0400 (Eastern Daylight Time): GET /javascript/jQuery/jQuery.js
Sat Aug 04 2018 18:30:53 GMT-0400 (Eastern Daylight Time): GET /javascript/frontCanvas.js
Sat Aug 04 2018 18:30:53 GMT-0400 (Eastern Daylight Time): GET /javascript/jQuery/jQuery.js
Sat Aug 04 2018 18:31:15 GMT-0400 (Eastern Daylight Time): GET /styles/style.css
Sat Aug 04 2018 18:39:11 GMT-0400 (Eastern Daylight Time): GET /
Sat Aug 04 2018 18:39:11 GMT-0400 (Eastern Daylight Time): GET /styles/style.css
Sat Aug 04 2018 18:39:11 GMT-0400 (Eastern Daylight Time): GET /javascript/frontCanvas.js
Sat Aug 04 2018 18:39:11 GMT-0400 (Eastern Daylight Time): GET /javascript/jQuery/jQuery.js
Sat Aug 04 2018 18:39:12 GMT-0400 (Eastern Daylight Time): GET /styles/style.css
Sat Aug 04 2018 18:39:12 GMT-0400 (Eastern Daylight Time): GET /javascript/frontCanvas.js
Sat Aug 04 2018 18:39:12 GMT-0400 (Eastern Daylight Time): GET /javascript/jQuery/jQuery.js
Sat Aug 04 2018 18:39:14 GMT-0400 (Eastern Daylight Time): GET /
Sat Aug 04 2018 18:39:14 GMT-0400 (Eastern Daylight Time): GET /styles/style.css
Sat Aug 04 2018 18:39:14 GMT-0400 (Eastern Daylight Time): GET /javascript/frontCanvas.js
Sat Aug 04 2018 18:39:14 GMT-0400 (Eastern Daylight Time): GET /javascript/jQuery/jQuery.js
Sat Aug 04 2018 18:39:14 GMT-0400 (Eastern Daylight Time): GET /styles/style.css
Sat Aug 04 2018 18:39:14 GMT-0400 (Eastern Daylight Time): GET /javascript/frontCanvas.js
Sat Aug 04 2018 18:39:14 GMT-0400 (Eastern Daylight Time): GET /javascript/jQuery/jQuery.js
Sat Aug 04 2018 18:39:41 GMT-0400 (Eastern Daylight Time): GET /
Sat Aug 04 2018 18:39:41 GMT-0400 (Eastern Daylight Time): GET /styles/style.css
Sat Aug 04 2018 18:39:41 GMT-0400 (Eastern Daylight Time): GET /javascript/frontCanvas.js
Sat Aug 04 2018 18:39:41 GMT-0400 (Eastern Daylight Time): GET /javascript/jQuery/jQuery.js
Sat Aug 04 2018 18:39:42 GMT-0400 (Eastern Daylight Time): GET /styles/style.css
Sat Aug 04 2018 18:39:42 GMT-0400 (Eastern Daylight Time): GET /javascript/frontCanvas.js
Sat Aug 04 2018 18:39:42 GMT-0400 (Eastern Daylight Time): GET /javascript/jQuery/jQuery.js
Sat Aug 04 2018 18:42:09 GMT-0400 (Eastern Daylight Time): GET /
Sat Aug 04 2018 18:42:09 GMT-0400 (Eastern Daylight Time): GET /styles/style.css
Sat Aug 04 2018 18:42:09 GMT-0400 (Eastern Daylight Time): GET /javascript/frontCanvas.js
Sat Aug 04 2018 18:42:09 GMT-0400 (Eastern Daylight Time): GET /javascript/jQuery/jQuery.js
Sat Aug 04 2018 18:42:09 GMT-0400 (Eastern Daylight Time): GET /styles/style.css
Sat Aug 04 2018 18:42:09 GMT-0400 (Eastern Daylight Time): GET /javascript/frontCanvas.js
Sat Aug 04 2018 18:42:10 GMT-0400 (Eastern Daylight Time): GET /javascript/jQuery/jQuery.js
Sat Aug 04 2018 18:42:37 GMT-0400 (Eastern Daylight Time): GET /jQuery/jQuery.js
Sat Aug 04 2018 18:43:16 GMT-0400 (Eastern Daylight Time): GET /styles/style.css
Sat Aug 04 2018 18:53:46 GMT-0400 (Eastern Daylight Time): GET /s
Sat Aug 04 2018 18:53:49 GMT-0400 (Eastern Daylight Time): GET /
Sat Aug 04 2018 18:53:49 GMT-0400 (Eastern Daylight Time): GET /styles/style.css
Sat Aug 04 2018 18:53:49 GMT-0400 (Eastern Daylight Time): GET /javascript/frontCanvas.js
Sat Aug 04 2018 18:53:49 GMT-0400 (Eastern Daylight Time): GET /javascript/jQuery/jQuery.js
Sat Aug 04 2018 18:53:49 GMT-0400 (Eastern Daylight Time): GET /styles/style.css
Sat Aug 04 2018 18:53:49 GMT-0400 (Eastern Daylight Time): GET /javascript/frontCanvas.js
Sat Aug 04 2018 18:53:49 GMT-0400 (Eastern Daylight Time): GET /javascript/jQuery/jQuery.js
Sat Aug 04 2018 18:54:54 GMT-0400 (Eastern Daylight Time): GET /styles.css
Sat Aug 04 2018 18:55:04 GMT-0400 (Eastern Daylight Time): GET /style.css
Sat Aug 04 2018 18:57:09 GMT-0400 (Eastern Daylight Time): GET /
Sat Aug 04 2018 18:57:09 GMT-0400 (Eastern Daylight Time): GET /styles/style.css
Sat Aug 04 2018 18:57:09 GMT-0400 (Eastern Daylight Time): GET /javascript/frontCanvas.js
Sat Aug 04 2018 18:57:09 GMT-0400 (Eastern Daylight Time): GET /javascript/jQuery/jQuery.js
Sat Aug 04 2018 18:57:10 GMT-0400 (Eastern Daylight Time): GET /styles/style.css
Sat Aug 04 2018 18:57:10 GMT-0400 (Eastern Daylight Time): GET /javascript/frontCanvas.js
Sat Aug 04 2018 18:57:10 GMT-0400 (Eastern Daylight Time): GET /javascript/jQuery/jQuery.js
Sat Aug 04 2018 22:34:30 GMT-0400 (Eastern Daylight Time): GET /
Sat Aug 04 2018 22:34:30 GMT-0400 (Eastern Daylight Time): GET /styles/style.css
Sat Aug 04 2018 22:34:30 GMT-0400 (Eastern Daylight Time): GET /javascript/frontCanvas.js
Sat Aug 04 2018 22:34:30 GMT-0400 (Eastern Daylight Time): GET /javascript/jQuery/jQuery.js
Sat Aug 04 2018 22:34:31 GMT-0400 (Eastern Daylight Time): GET /styles/style.css
Sat Aug 04 2018 22:34:31 GMT-0400 (Eastern Daylight Time): GET /javascript/frontCanvas.js
Sat Aug 04 2018 22:34:31 GMT-0400 (Eastern Daylight Time): GET /javascript/jQuery/jQuery.js
Sat Aug 04 2018 22:38:33 GMT-0400 (Eastern Daylight Time): GET /
Sat Aug 04 2018 22:38:33 GMT-0400 (Eastern Daylight Time): GET /styles/style.css
Sat Aug 04 2018 22:38:33 GMT-0400 (Eastern Daylight Time): GET /javascript/frontCanvas.js
Sat Aug 04 2018 22:38:33 GMT-0400 (Eastern Daylight Time): GET /javascript/jQuery/jQuery.js
Sat Aug 04 2018 22:38:33 GMT-0400 (Eastern Daylight Time): GET /styles/style.css
Sat Aug 04 2018 22:38:33 GMT-0400 (Eastern Daylight Time): GET /javascript/frontCanvas.js
Sat Aug 04 2018 22:38:33 GMT-0400 (Eastern Daylight Time): GET /javascript/jQuery/jQuery.js
Sat Aug 04 2018 22:39:55 GMT-0400 (Eastern Daylight Time): GET /styles/style.css
Sat Aug 04 2018 22:40:24 GMT-0400 (Eastern Daylight Time): GET /styles/style.css
Sat Aug 04 2018 22:40:32 GMT-0400 (Eastern Daylight Time): GET /
Sat Aug 04 2018 22:40:32 GMT-0400 (Eastern Daylight Time): GET /styles/style.css
Sat Aug 04 2018 22:40:32 GMT-0400 (Eastern Daylight Time): GET /javascript/frontCanvas.js
Sat Aug 04 2018 22:40:32 GMT-0400 (Eastern Daylight Time): GET /javascript/jQuery/jQuery.js
Sat Aug 04 2018 22:40:33 GMT-0400 (Eastern Daylight Time): GET /styles/style.css
Sat Aug 04 2018 22:40:33 GMT-0400 (Eastern Daylight Time): GET /javascript/frontCanvas.js
Sat Aug 04 2018 22:40:33 GMT-0400 (Eastern Daylight Time): GET /javascript/jQuery/jQuery.js
Sat Aug 04 2018 22:41:55 GMT-0400 (Eastern Daylight Time): GET /style.css
Sat Aug 04 2018 22:42:41 GMT-0400 (Eastern Daylight Time): GET /
Sat Aug 04 2018 22:42:41 GMT-0400 (Eastern Daylight Time): GET /style.css
Sat Aug 04 2018 22:42:41 GMT-0400 (Eastern Daylight Time): GET /javascript/frontCanvas.js
Sat Aug 04 2018 22:42:41 GMT-0400 (Eastern Daylight Time): GET /javascript/jQuery/jQuery.js
Sat Aug 04 2018 22:42:41 GMT-0400 (Eastern Daylight Time): GET /style.css
Sat Aug 04 2018 22:42:42 GMT-0400 (Eastern Daylight Time): GET /javascript/frontCanvas.js
Sat Aug 04 2018 22:42:42 GMT-0400 (Eastern Daylight Time): GET /javascript/jQuery/jQuery.js
Sat Aug 04 2018 22:42:45 GMT-0400 (Eastern Daylight Time): GET /style.css
Sat Aug 04 2018 22:43:56 GMT-0400 (Eastern Daylight Time): GET /
Sat Aug 04 2018 22:43:56 GMT-0400 (Eastern Daylight Time): GET /style.css
Sat Aug 04 2018 22:43:56 GMT-0400 (Eastern Daylight Time): GET /javascript/frontCanvas.js
Sat Aug 04 2018 22:43:56 GMT-0400 (Eastern Daylight Time): GET /javascript/jQuery/jQuery.js
Sat Aug 04 2018 22:43:56 GMT-0400 (Eastern Daylight Time): GET /style.css
Sat Aug 04 2018 22:43:57 GMT-0400 (Eastern Daylight Time): GET /javascript/frontCanvas.js
Sat Aug 04 2018 22:43:57 GMT-0400 (Eastern Daylight Time): GET /javascript/jQuery/jQuery.js
Sat Aug 04 2018 22:46:40 GMT-0400 (Eastern Daylight Time): GET /
Sat Aug 04 2018 22:46:40 GMT-0400 (Eastern Daylight Time): GET /style.css
Sat Aug 04 2018 22:46:40 GMT-0400 (Eastern Daylight Time): GET /javascript/frontCanvas.js
Sat Aug 04 2018 22:46:40 GMT-0400 (Eastern Daylight Time): GET /javascript/jQuery/jQuery.js
Sat Aug 04 2018 22:46:41 GMT-0400 (Eastern Daylight Time): GET /style.css
Sat Aug 04 2018 22:46:41 GMT-0400 (Eastern Daylight Time): GET /javascript/frontCanvas.js
Sat Aug 04 2018 22:46:41 GMT-0400 (Eastern Daylight Time): GET /javascript/jQuery/jQuery.js
Sat Aug 04 2018 22:47:22 GMT-0400 (Eastern Daylight Time): GET /
Sat Aug 04 2018 22:47:23 GMT-0400 (Eastern Daylight Time): GET /style.css
Sat Aug 04 2018 22:47:23 GMT-0400 (Eastern Daylight Time): GET /javascript/frontCanvas.js
Sat Aug 04 2018 22:47:23 GMT-0400 (Eastern Daylight Time): GET /javascript/jQuery/jQuery.js
Sat Aug 04 2018 22:47:23 GMT-0400 (Eastern Daylight Time): GET /style.css
Sat Aug 04 2018 22:47:23 GMT-0400 (Eastern Daylight Time): GET /javascript/frontCanvas.js
Sat Aug 04 2018 22:47:23 GMT-0400 (Eastern Daylight Time): GET /javascript/jQuery/jQuery.js
Sun Aug 05 2018 23:49:03 GMT-0400 (Eastern Daylight Time): GET /
Sun Aug 05 2018 23:49:03 GMT-0400 (Eastern Daylight Time): GET /style.css
Sun Aug 05 2018 23:49:03 GMT-0400 (Eastern Daylight Time): GET /javascript/frontCanvas.js
Sun Aug 05 2018 23:49:03 GMT-0400 (Eastern Daylight Time): GET /javascript/jQuery/jQuery.js
Sun Aug 05 2018 23:49:04 GMT-0400 (Eastern Daylight Time): GET /style.css
Sun Aug 05 2018 23:49:04 GMT-0400 (Eastern Daylight Time): GET /javascript/frontCanvas.js
Sun Aug 05 2018 23:49:04 GMT-0400 (Eastern Daylight Time): GET /javascript/jQuery/jQuery.js
Sun Aug 05 2018 23:49:08 GMT-0400 (Eastern Daylight Time): GET /
Sun Aug 05 2018 23:49:08 GMT-0400 (Eastern Daylight Time): GET /style.css
Sun Aug 05 2018 23:49:08 GMT-0400 (Eastern Daylight Time): GET /javascript/frontCanvas.js
Sun Aug 05 2018 23:49:08 GMT-0400 (Eastern Daylight Time): GET /javascript/jQuery/jQuery.js
Sun Aug 05 2018 23:49:09 GMT-0400 (Eastern Daylight Time): GET /style.css
Sun Aug 05 2018 23:49:09 GMT-0400 (Eastern Daylight Time): GET /javascript/frontCanvas.js
Sun Aug 05 2018 23:49:09 GMT-0400 (Eastern Daylight Time): GET /javascript/jQuery/jQuery.js
Sun Aug 05 2018 23:49:14 GMT-0400 (Eastern Daylight Time): GET /style.css
Sun Aug 05 2018 23:49:21 GMT-0400 (Eastern Daylight Time): GET /styles/style.css
Sun Aug 05 2018 23:49:29 GMT-0400 (Eastern Daylight Time): GET /
Sun Aug 05 2018 23:49:29 GMT-0400 (Eastern Daylight Time): GET /style.css
Sun Aug 05 2018 23:49:29 GMT-0400 (Eastern Daylight Time): GET /javascript/frontCanvas.js
Sun Aug 05 2018 23:49:29 GMT-0400 (Eastern Daylight Time): GET /javascript/jQuery/jQuery.js
Sun Aug 05 2018 23:49:30 GMT-0400 (Eastern Daylight Time): GET /style.css
Sun Aug 05 2018 23:49:30 GMT-0400 (Eastern Daylight Time): GET /javascript/frontCanvas.js
Sun Aug 05 2018 23:49:30 GMT-0400 (Eastern Daylight Time): GET /javascript/jQuery/jQuery.js
Sun Aug 05 2018 23:54:58 GMT-0400 (Eastern Daylight Time): GET /
Sun Aug 05 2018 23:54:58 GMT-0400 (Eastern Daylight Time): GET /styles/style.css
Sun Aug 05 2018 23:54:58 GMT-0400 (Eastern Daylight Time): GET /javascript/frontCanvas.js
Sun Aug 05 2018 23:54:58 GMT-0400 (Eastern Daylight Time): GET /javascript/jQuery/jQuery.js
Sun Aug 05 2018 23:54:59 GMT-0400 (Eastern Daylight Time): GET /styles/style.css
Sun Aug 05 2018 23:54:59 GMT-0400 (Eastern Daylight Time): GET /javascript/frontCanvas.js
Sun Aug 05 2018 23:54:59 GMT-0400 (Eastern Daylight Time): GET /javascript/jQuery/jQuery.js
Sun Aug 05 2018 23:55:10 GMT-0400 (Eastern Daylight Time): GET /
Sun Aug 05 2018 23:55:10 GMT-0400 (Eastern Daylight Time): GET /styles/style.css
Sun Aug 05 2018 23:55:10 GMT-0400 (Eastern Daylight Time): GET /javascript/frontCanvas.js
Sun Aug 05 2018 23:55:10 GMT-0400 (Eastern Daylight Time): GET /javascript/jQuery/jQuery.js
Sun Aug 05 2018 23:55:10 GMT-0400 (Eastern Daylight Time): GET /styles/style.css
Sun Aug 05 2018 23:55:10 GMT-0400 (Eastern Daylight Time): GET /javascript/frontCanvas.js
Sun Aug 05 2018 23:55:10 GMT-0400 (Eastern Daylight Time): GET /javascript/jQuery/jQuery.js
Mon Aug 06 2018 00:02:23 GMT-0400 (Eastern Daylight Time): GET /
Mon Aug 06 2018 00:02:23 GMT-0400 (Eastern Daylight Time): GET /styles/style.css
Mon Aug 06 2018 00:02:23 GMT-0400 (Eastern Daylight Time): GET /javascript/frontCanvas.js
Mon Aug 06 2018 00:02:23 GMT-0400 (Eastern Daylight Time): GET /javascript/jQuery/jQuery.js
Mon Aug 06 2018 00:02:24 GMT-0400 (Eastern Daylight Time): GET /styles/style.css
Mon Aug 06 2018 00:02:24 GMT-0400 (Eastern Daylight Time): GET /javascript/frontCanvas.js
Mon Aug 06 2018 00:02:24 GMT-0400 (Eastern Daylight Time): GET /javascript/jQuery/jQuery.js
Mon Aug 06 2018 00:11:27 GMT-0400 (Eastern Daylight Time): GET /
Mon Aug 06 2018 00:11:55 GMT-0400 (Eastern Daylight Time): GET /
Mon Aug 06 2018 00:11:55 GMT-0400 (Eastern Daylight Time): GET /styles/style.css
Mon Aug 06 2018 00:11:55 GMT-0400 (Eastern Daylight Time): GET /javascript/frontCanvas.js
Mon Aug 06 2018 00:11:55 GMT-0400 (Eastern Daylight Time): GET /javascript/jQuery/jQuery.js
Mon Aug 06 2018 00:11:56 GMT-0400 (Eastern Daylight Time): GET /javascript/frontCanvas.js
Mon Aug 06 2018 00:11:56 GMT-0400 (Eastern Daylight Time): GET /javascript/jQuery/jQuery.js
Mon Aug 06 2018 00:12:01 GMT-0400 (Eastern Daylight Time): GET /
Mon Aug 06 2018 00:12:10 GMT-0400 (Eastern Daylight Time): GET /
Mon Aug 06 2018 00:12:16 GMT-0400 (Eastern Daylight Time): GET /
Mon Aug 06 2018 00:15:31 GMT-0400 (Eastern Daylight Time): GET /
